\BOOKMARK [1][-]{section.1}{توضیح مختصری از کد}{}% 1
\BOOKMARK [2][-]{subsection.1.1}{توضیح فایل Dataset.py}{section.1}% 2
\BOOKMARK [2][-]{subsection.1.2}{توضیح فایل GAN.py}{section.1}% 3
\BOOKMARK [2][-]{subsection.1.3}{توضیح فایل CGAN.py}{section.1}% 4
\BOOKMARK [2][-]{subsection.1.4}{توضیح فایل CNN.py}{section.1}% 5
\BOOKMARK [1][-]{section.2}{توضیح معماری CNN}{}% 6
\BOOKMARK [1][-]{section.3}{توضیح معماری Generator}{}% 7
\BOOKMARK [1][-]{section.4}{توضیح معماری Discriminator}{}% 8
\BOOKMARK [1][-]{section.5}{توضیح نحوه آموزش شبکه‌های مولد}{}% 9
\BOOKMARK [1][-]{section.6}{نتایج بدست آمده در قسمت اول}{}% 10
\BOOKMARK [1][-]{section.7}{نتایج بدست آمده در قسمت دوم}{}% 11
\BOOKMARK [2][-]{subsection.7.1}{حروف الفبا}{section.7}% 12
\BOOKMARK [2][-]{subsection.7.2}{حرف A}{section.7}% 13
\BOOKMARK [2][-]{subsection.7.3}{حرف B}{section.7}% 14
\BOOKMARK [2][-]{subsection.7.4}{حرف C}{section.7}% 15
\BOOKMARK [2][-]{subsection.7.5}{حرف D}{section.7}% 16
\BOOKMARK [2][-]{subsection.7.6}{حرف E}{section.7}% 17
\BOOKMARK [2][-]{subsection.7.7}{حرف F}{section.7}% 18
\BOOKMARK [2][-]{subsection.7.8}{حرف G}{section.7}% 19
\BOOKMARK [2][-]{subsection.7.9}{حرف H}{section.7}% 20
\BOOKMARK [2][-]{subsection.7.10}{حرف I}{section.7}% 21
\BOOKMARK [2][-]{subsection.7.11}{حرف J}{section.7}% 22
\BOOKMARK [2][-]{subsection.7.12}{حرف K}{section.7}% 23
\BOOKMARK [2][-]{subsection.7.13}{حرف L}{section.7}% 24
\BOOKMARK [2][-]{subsection.7.14}{حرف M}{section.7}% 25
\BOOKMARK [2][-]{subsection.7.15}{حرف N}{section.7}% 26
\BOOKMARK [2][-]{subsection.7.16}{حرف O}{section.7}% 27
\BOOKMARK [2][-]{subsection.7.17}{حرف P}{section.7}% 28
\BOOKMARK [2][-]{subsection.7.18}{حرف Q}{section.7}% 29
\BOOKMARK [2][-]{subsection.7.19}{حرف R}{section.7}% 30
\BOOKMARK [2][-]{subsection.7.20}{حرف S}{section.7}% 31
\BOOKMARK [2][-]{subsection.7.21}{حرف T}{section.7}% 32
\BOOKMARK [2][-]{subsection.7.22}{حرف U}{section.7}% 33
\BOOKMARK [2][-]{subsection.7.23}{حرف V}{section.7}% 34
\BOOKMARK [2][-]{subsection.7.24}{حرف W}{section.7}% 35
\BOOKMARK [2][-]{subsection.7.25}{حرف X}{section.7}% 36
\BOOKMARK [2][-]{subsection.7.26}{حرف Y}{section.7}% 37
\BOOKMARK [2][-]{subsection.7.27}{حرف Z}{section.7}% 38
